<?xml version="1.0" encoding="UTF-8"?>
<testng-results total="1" passed="1" failed="0" skipped="0">
  <reporter-output>
  </reporter-output>
  <suite started-at="2020-01-02T19:20:20Z" name="Test Suite" finished-at="2020-01-02T19:20:27Z" duration-ms="6999">
    <groups>
    </groups>
    <test started-at="2020-01-02T19:20:20Z" name="Test Scripts" finished-at="2020-01-02T19:20:27Z" duration-ms="6999">
      <class name="TrainingQA.DemoMavenEclipseProject.Project1">
        <test-method is-config="true" signature="beforeMethod()[pri:0, instance:TrainingQA.DemoMavenEclipseProject.Project1@4de5031f]" started-at="2020-01-02T14:20:20Z" name="beforeMethod" finished-at="2020-01-02T14:20:27Z" duration-ms="6879" status="PASS">
          <reporter-output>
          </reporter-output>
        </test-method> <!-- beforeMethod -->
        <test-method signature="f()[pri:0, instance:TrainingQA.DemoMavenEclipseProject.Project1@4de5031f]" started-at="2020-01-02T14:20:27Z" name="f" finished-at="2020-01-02T14:20:27Z" duration-ms="6" status="PASS">
          <reporter-output>
          </reporter-output>
        </test-method> <!-- f -->
        <test-method is-config="true" signature="afterMethod()[pri:0, instance:TrainingQA.DemoMavenEclipseProject.Project1@4de5031f]" started-at="2020-01-02T14:20:27Z" name="afterMethod" finished-at="2020-01-02T14:20:27Z" duration-ms="94" status="PASS">
          <reporter-output>
          </reporter-output>
        </test-method> <!-- afterMethod -->
      </class> <!-- TrainingQA.DemoMavenEclipseProject.Project1 -->
    </test> <!-- Test Scripts -->
  </suite> <!-- Test Suite -->
</testng-results>
